<?xml version="1.0" encoding="UTF-8"?>
<testng-results skipped="0" failed="0" ignored="0" total="3" passed="3">
  <reporter-output>
  </reporter-output>
  <suite name="Default suite" duration-ms="64578" started-at="2019-10-15T13:32:48Z" finished-at="2019-10-15T13:33:52Z">
    <groups>
    </groups>
    <test name="Default test" duration-ms="64578" started-at="2019-10-15T13:32:48Z" finished-at="2019-10-15T13:33:52Z">
      <class name="bpo.testcases.LoginpageTest">
        <test-method status="PASS" signature="setup()[pri:0, instance:bpo.testcases.LoginpageTest@77cd7a0]" name="setup" is-config="true" duration-ms="19479" started-at="2019-10-15T13:32:48Z" finished-at="2019-10-15T13:33:07Z">
          <reporter-output>
          </reporter-output>
        </test-method> <!-- setup -->
        <test-method status="PASS" signature="loginpagetitletest()[pri:1, instance:bpo.testcases.LoginpageTest@77cd7a0]" name="loginpagetitletest" duration-ms="13" started-at="2019-10-15T13:33:07Z" finished-at="2019-10-15T13:33:07Z">
          <reporter-output>
          </reporter-output>
        </test-method> <!-- loginpagetitletest -->
        <test-method status="PASS" signature="tearDown()[pri:0, instance:bpo.testcases.LoginpageTest@77cd7a0]" name="tearDown" is-config="true" duration-ms="4" started-at="2019-10-15T13:33:07Z" finished-at="2019-10-15T13:33:07Z">
          <reporter-output>
          </reporter-output>
        </test-method> <!-- tearDown -->
        <test-method status="PASS" signature="setup()[pri:0, instance:bpo.testcases.LoginpageTest@77cd7a0]" name="setup" is-config="true" duration-ms="15600" started-at="2019-10-15T13:33:07Z" finished-at="2019-10-15T13:33:23Z">
          <reporter-output>
          </reporter-output>
        </test-method> <!-- setup -->
        <test-method status="PASS" signature="logoImagetest()[pri:2, instance:bpo.testcases.LoginpageTest@77cd7a0]" name="logoImagetest" duration-ms="84" started-at="2019-10-15T13:33:23Z" finished-at="2019-10-15T13:33:23Z">
          <reporter-output>
          </reporter-output>
        </test-method> <!-- logoImagetest -->
        <test-method status="PASS" signature="tearDown()[pri:0, instance:bpo.testcases.LoginpageTest@77cd7a0]" name="tearDown" is-config="true" duration-ms="0" started-at="2019-10-15T13:33:23Z" finished-at="2019-10-15T13:33:23Z">
          <reporter-output>
          </reporter-output>
        </test-method> <!-- tearDown -->
        <test-method status="PASS" signature="setup()[pri:0, instance:bpo.testcases.LoginpageTest@77cd7a0]" name="setup" is-config="true" duration-ms="13923" started-at="2019-10-15T13:33:23Z" finished-at="2019-10-15T13:33:37Z">
          <reporter-output>
          </reporter-output>
        </test-method> <!-- setup -->
        <test-method status="PASS" signature="logintest()[pri:3, instance:bpo.testcases.LoginpageTest@77cd7a0]" name="logintest" duration-ms="15434" started-at="2019-10-15T13:33:37Z" finished-at="2019-10-15T13:33:52Z">
          <reporter-output>
          </reporter-output>
        </test-method> <!-- logintest -->
        <test-method status="PASS" signature="tearDown()[pri:0, instance:bpo.testcases.LoginpageTest@77cd7a0]" name="tearDown" is-config="true" duration-ms="0" started-at="2019-10-15T13:33:52Z" finished-at="2019-10-15T13:33:52Z">
          <reporter-output>
          </reporter-output>
        </test-method> <!-- tearDown -->
      </class> <!-- bpo.testcases.LoginpageTest -->
    </test> <!-- Default test -->
  </suite> <!-- Default suite -->
</testng-results>
