<?xml version="1.0" encoding="UTF-8"?>
<testng-results skipped="0" failed="0" ignored="0" total="3" passed="3">
  <reporter-output>
  </reporter-output>
  <suite name="Default suite" duration-ms="45770" started-at="2019-10-14T08:41:34Z" finished-at="2019-10-14T08:42:20Z">
    <groups>
    </groups>
    <test name="Default test" duration-ms="45770" started-at="2019-10-14T08:41:34Z" finished-at="2019-10-14T08:42:20Z">
      <class name="bpo.testcases.LoginpageTest">
        <test-method status="PASS" signature="setup()[pri:0, instance:bpo.testcases.LoginpageTest@66a3ffec]" name="setup" is-config="true" duration-ms="18944" started-at="2019-10-14T08:41:34Z" finished-at="2019-10-14T08:41:53Z">
          <reporter-output>
          </reporter-output>
        </test-method> <!-- setup -->
        <test-method status="PASS" signature="loginpagetitletest()[pri:1, instance:bpo.testcases.LoginpageTest@66a3ffec]" name="loginpagetitletest" duration-ms="28" started-at="2019-10-14T08:41:53Z" finished-at="2019-10-14T08:41:53Z">
          <reporter-output>
          </reporter-output>
        </test-method> <!-- loginpagetitletest -->
        <test-method status="PASS" signature="tearDown()[pri:0, instance:bpo.testcases.LoginpageTest@66a3ffec]" name="tearDown" is-config="true" duration-ms="679" started-at="2019-10-14T08:41:53Z" finished-at="2019-10-14T08:41:54Z">
          <reporter-output>
          </reporter-output>
        </test-method> <!-- tearDown -->
        <test-method status="PASS" signature="setup()[pri:0, instance:bpo.testcases.LoginpageTest@66a3ffec]" name="setup" is-config="true" duration-ms="11647" started-at="2019-10-14T08:41:54Z" finished-at="2019-10-14T08:42:06Z">
          <reporter-output>
          </reporter-output>
        </test-method> <!-- setup -->
        <test-method status="PASS" signature="logoImagetest()[pri:2, instance:bpo.testcases.LoginpageTest@66a3ffec]" name="logoImagetest" duration-ms="126" started-at="2019-10-14T08:42:06Z" finished-at="2019-10-14T08:42:06Z">
          <reporter-output>
          </reporter-output>
        </test-method> <!-- logoImagetest -->
        <test-method status="PASS" signature="tearDown()[pri:0, instance:bpo.testcases.LoginpageTest@66a3ffec]" name="tearDown" is-config="true" duration-ms="697" started-at="2019-10-14T08:42:06Z" finished-at="2019-10-14T08:42:06Z">
          <reporter-output>
          </reporter-output>
        </test-method> <!-- tearDown -->
        <test-method status="PASS" signature="setup()[pri:0, instance:bpo.testcases.LoginpageTest@66a3ffec]" name="setup" is-config="true" duration-ms="12512" started-at="2019-10-14T08:42:06Z" finished-at="2019-10-14T08:42:19Z">
          <reporter-output>
          </reporter-output>
        </test-method> <!-- setup -->
        <test-method status="PASS" signature="logintest()[pri:3, instance:bpo.testcases.LoginpageTest@66a3ffec]" name="logintest" duration-ms="432" started-at="2019-10-14T08:42:19Z" finished-at="2019-10-14T08:42:19Z">
          <reporter-output>
          </reporter-output>
        </test-method> <!-- logintest -->
        <test-method status="PASS" signature="tearDown()[pri:0, instance:bpo.testcases.LoginpageTest@66a3ffec]" name="tearDown" is-config="true" duration-ms="662" started-at="2019-10-14T08:42:19Z" finished-at="2019-10-14T08:42:20Z">
          <reporter-output>
          </reporter-output>
        </test-method> <!-- tearDown -->
      </class> <!-- bpo.testcases.LoginpageTest -->
    </test> <!-- Default test -->
  </suite> <!-- Default suite -->
</testng-results>
