<?xml version="1.0" encoding="UTF-8"?>
<!-- Generated by org.testng.reporters.JUnitXMLReporter -->
<testsuite hostname="TNINCHD009" ignored="0" name="Default test" tests="3" failures="0" timestamp="15 Oct 2019 13:33:52 GMT" time="64.578" errors="0">
  <testcase name="loginpagetitletest" time="0.013" classname="bpo.testcases.LoginpageTest"/>
  <testcase name="logoImagetest" time="0.084" classname="bpo.testcases.LoginpageTest"/>
  <testcase name="logintest" time="15.434" classname="bpo.testcases.LoginpageTest"/>
</testsuite> <!-- Default test -->
